<html>
<head>
<title>TestNG:  Test</title>
<link href="../testng.css" rel="stylesheet" type="text/css" />
<link href="../my-testng.css" rel="stylesheet" type="text/css" />

<style type="text/css">
.log { display: none;} 
.stack-trace { display: none;} 
</style>
<script type="text/javascript">
<!--
function flip(e) {
  current = e.style.display;
  if (current == 'block') {
    e.style.display = 'none';
    return 0;
  }
  else {
    e.style.display = 'block';
    return 1;
  }
}

function toggleBox(szDivId, elem, msg1, msg2)
{
  var res = -1;  if (document.getElementById) {
    res = flip(document.getElementById(szDivId));
  }
  else if (document.all) {
    // this is the way old msie versions work
    res = flip(document.all[szDivId]);
  }
  if(elem) {
    if(res == 0) elem.innerHTML = msg1; else elem.innerHTML = msg2;
  }

}

function toggleAllBoxes() {
  if (document.getElementsByTagName) {
    d = document.getElementsByTagName('div');
    for (i = 0; i < d.length; i++) {
      if (d[i].className == 'log') {
        flip(d[i]);
      }
    }
  }
}

// -->
</script>

</head>
<body>
<h2 align='center'>Test</h2><table border='1' align="center">
<tr>
<td>Tests passed/Failed/Skipped:</td><td>0/0/4</td>
</tr><tr>
<td>Started on:</td><td>Mon May 20 12:08:26 IST 2024</td>
</tr>
<tr><td>Total time:</td><td>11 seconds (11691 ms)</td>
</tr><tr>
<td>Included groups:</td><td></td>
</tr><tr>
<td>Excluded groups:</td><td></td>
</tr>
</table><p/>
<small><i>(Hover the method name to see the test class name)</i></small><p/>
<table width='100%' border='1' class='invocation-failed'>
<tr><td colspan='4' align='center'><b>FAILED CONFIGURATIONS</b></td></tr>
<tr><td><b>Test method</b></td>
<td width="30%"><b>Exception</b></td>
<td width="10%"><b>Time (seconds)</b></td>
<td><b>Instance</b></td>
</tr>
<tr>
<td title='ketoTest.KetoTest.popUp()'><b>popUp</b><br>Test class: ketoTest.KetoTest</td>
<td><div><pre>org.openqa.selenium.UnsupportedCommandException: {&quot;value&quot;:{&quot;error&quot;:&quot;unknown method&quot;,&quot;message&quot;:&quot;Not implemented yet for pageLoad.&quot;,&quot;stacktrace&quot;:&quot;NotImplementedError: Not implemented yet for pageLoad.\n    at AndroidUiautomator2Driver.pageLoadTimeoutW3C (C:\\Users\\vivek\\node_modules\\appium-uiautomator2-driver\\node_modules\\@appium\\base-driver\\lib\\basedriver\\commands\\timeout.ts:80:11)\n    at AndroidUiautomator2Driver.timeouts (C:\\Users\\vivek\\node_modules\\appium-uiautomator2-driver\\node_modules\\@appium\\base-driver\\lib\\basedriver\\commands\\timeout.ts:51:18)\n    at commandExecutor (C:\\Users\\vivek\\node_modules\\appium-uiautomator2-driver\\node_modules\\@appium\\base-driver\\lib\\basedriver\\driver.ts:106:18)\n    at C:\\Users\\vivek\\node_modules\\appium-uiautomator2-driver\\node_modules\\async-lock\\lib\\index.js:171:12\n    at AsyncLock._promiseTry (C:\\Users\\vivek\\node_modules\\appium-uiautomator2-driver\\node_modules\\async-lock\\lib\\index.js:306:31)\n    at exec (C:\\Users\\vivek\\node_modules\\appium-uiautomator2-driver\\node_modules\\async-lock\\lib\\index.js:170:9)\n    at AsyncLock.acquire (C:\\Users\\vivek\\node_modules\\appium-uiautomator2-driver\\node_modules\\async-lock\\lib\\index.js:189:3)\n    at AndroidUiautomator2Driver.executeCommand (C:\\Users\\vivek\\node_modules\\appium-uiautomator2-driver\\node_modules\\@appium\\base-driver\\lib\\basedriver\\driver.ts:122:39)\n    at processTicksAndRejections (node:internal/process/task_queues:95:5)\n    at defaultBehavior (C:\\Users\\vivek\\AppData\\Roaming\\npm\\node_modules\\appium\\lib\\appium.js:1109:14)\n    at AppiumDriver.executeWrappedCommand (C:\\Users\\vivek\\AppData\\Roaming\\npm\\node_modules\\appium\\lib\\appium.js:1215:16)\n    at AppiumDriver.executeCommand (C:\\Users\\vivek\\AppData\\Roaming\\npm\\node_modules\\appium\\lib\\appium.js:1121:17)\n    at asyncHandler (C:\\Users\\vivek\\AppData\\Roaming\\npm\\node_modules\\appium\\node_modules\\@appium\\base-driver\\lib\\protocol\\protocol.js:393:19)&quot;}}
Command duration or timeout: 14 milliseconds
Build info: version: &apos;4.21.0&apos;, revision: &apos;79ed462ef4&apos;
System info: os.name: &apos;Windows 11&apos;, os.arch: &apos;amd64&apos;, os.version: &apos;10.0&apos;, java.version: &apos;21.0.3&apos;
Driver info: io.appium.java_client.android.AndroidDriver
Command: [fa28fea1-17fd-46e1-8daf-57bbd4a8db17, setTimeout {pageLoad=30000}]
Capabilities {appium:app: C:\Users\vivek\git\Appium-K..., appium:appPackage: ketodietplan.carbmanager.ke..., appium:automationName: UIAutomator2, appium:databaseEnabled: false, appium:desired: {app: C:\Users\vivek\git\Appium-K..., automationName: UIAutomator2, deviceName: Android Device, platformName: ANDROID}, appium:deviceApiLevel: 34, appium:deviceManufacturer: Xiaomi, appium:deviceModel: 23076PC4BI, appium:deviceName: 76f571ebe33e, appium:deviceScreenDensity: 440, appium:deviceScreenSize: 1080x2460, appium:deviceUDID: 76f571ebe33e, appium:javascriptEnabled: true, appium:locationContextEnabled: false, appium:networkConnectionEnabled: true, appium:pixelRatio: 2.75, appium:platformVersion: 14, appium:statBarHeight: 104, appium:takesScreenshot: true, appium:viewportRect: {height: 2356, left: 0, top: 104, width: 1080}, appium:warnings: {}, appium:webStorageEnabled: false, platformName: ANDROID}
Session ID: fa28fea1-17fd-46e1-8daf-57bbd4a8db17
	at org.openqa.selenium.remote.ErrorHandler.createThrowable(ErrorHandler.java:221)
	at org.openqa.selenium.remote.ErrorHandler.throwIfResponseFailed(ErrorHandler.java:170)
	at org.openqa.selenium.remote.RemoteWebDriver.execute(RemoteWebDriver.java:571)
	at org.openqa.selenium.remote.RemoteWebDriver$RemoteWebDriverOptions$RemoteTimeouts.pageLoadTimeout(RemoteWebDriver.java:979)
	at baseTest.BaseClassApp.driverSetUp(BaseClassApp.java:31)
	at baseTest.BaseClassApp.popUp(BaseClassApp.java:38)
	at java.base/java.util.ArrayList.forEach(ArrayList.java:1596)
... Removed 32 stack frames</pre></div><a href='#' onClick='toggleBox("stack-trace1107985860", this, "Click to show all stack frames", "Click to hide stack frames")'>Click to show all stack frames</a>
<div class='stack-trace' id='stack-trace1107985860'><pre>org.openqa.selenium.UnsupportedCommandException: {&quot;value&quot;:{&quot;error&quot;:&quot;unknown method&quot;,&quot;message&quot;:&quot;Not implemented yet for pageLoad.&quot;,&quot;stacktrace&quot;:&quot;NotImplementedError: Not implemented yet for pageLoad.\n    at AndroidUiautomator2Driver.pageLoadTimeoutW3C (C:\\Users\\vivek\\node_modules\\appium-uiautomator2-driver\\node_modules\\@appium\\base-driver\\lib\\basedriver\\commands\\timeout.ts:80:11)\n    at AndroidUiautomator2Driver.timeouts (C:\\Users\\vivek\\node_modules\\appium-uiautomator2-driver\\node_modules\\@appium\\base-driver\\lib\\basedriver\\commands\\timeout.ts:51:18)\n    at commandExecutor (C:\\Users\\vivek\\node_modules\\appium-uiautomator2-driver\\node_modules\\@appium\\base-driver\\lib\\basedriver\\driver.ts:106:18)\n    at C:\\Users\\vivek\\node_modules\\appium-uiautomator2-driver\\node_modules\\async-lock\\lib\\index.js:171:12\n    at AsyncLock._promiseTry (C:\\Users\\vivek\\node_modules\\appium-uiautomator2-driver\\node_modules\\async-lock\\lib\\index.js:306:31)\n    at exec (C:\\Users\\vivek\\node_modules\\appium-uiautomator2-driver\\node_modules\\async-lock\\lib\\index.js:170:9)\n    at AsyncLock.acquire (C:\\Users\\vivek\\node_modules\\appium-uiautomator2-driver\\node_modules\\async-lock\\lib\\index.js:189:3)\n    at AndroidUiautomator2Driver.executeCommand (C:\\Users\\vivek\\node_modules\\appium-uiautomator2-driver\\node_modules\\@appium\\base-driver\\lib\\basedriver\\driver.ts:122:39)\n    at processTicksAndRejections (node:internal/process/task_queues:95:5)\n    at defaultBehavior (C:\\Users\\vivek\\AppData\\Roaming\\npm\\node_modules\\appium\\lib\\appium.js:1109:14)\n    at AppiumDriver.executeWrappedCommand (C:\\Users\\vivek\\AppData\\Roaming\\npm\\node_modules\\appium\\lib\\appium.js:1215:16)\n    at AppiumDriver.executeCommand (C:\\Users\\vivek\\AppData\\Roaming\\npm\\node_modules\\appium\\lib\\appium.js:1121:17)\n    at asyncHandler (C:\\Users\\vivek\\AppData\\Roaming\\npm\\node_modules\\appium\\node_modules\\@appium\\base-driver\\lib\\protocol\\protocol.js:393:19)&quot;}}
Command duration or timeout: 14 milliseconds
Build info: version: &apos;4.21.0&apos;, revision: &apos;79ed462ef4&apos;
System info: os.name: &apos;Windows 11&apos;, os.arch: &apos;amd64&apos;, os.version: &apos;10.0&apos;, java.version: &apos;21.0.3&apos;
Driver info: io.appium.java_client.android.AndroidDriver
Command: [fa28fea1-17fd-46e1-8daf-57bbd4a8db17, setTimeout {pageLoad=30000}]
Capabilities {appium:app: C:\Users\vivek\git\Appium-K..., appium:appPackage: ketodietplan.carbmanager.ke..., appium:automationName: UIAutomator2, appium:databaseEnabled: false, appium:desired: {app: C:\Users\vivek\git\Appium-K..., automationName: UIAutomator2, deviceName: Android Device, platformName: ANDROID}, appium:deviceApiLevel: 34, appium:deviceManufacturer: Xiaomi, appium:deviceModel: 23076PC4BI, appium:deviceName: 76f571ebe33e, appium:deviceScreenDensity: 440, appium:deviceScreenSize: 1080x2460, appium:deviceUDID: 76f571ebe33e, appium:javascriptEnabled: true, appium:locationContextEnabled: false, appium:networkConnectionEnabled: true, appium:pixelRatio: 2.75, appium:platformVersion: 14, appium:statBarHeight: 104, appium:takesScreenshot: true, appium:viewportRect: {height: 2356, left: 0, top: 104, width: 1080}, appium:warnings: {}, appium:webStorageEnabled: false, platformName: ANDROID}
Session ID: fa28fea1-17fd-46e1-8daf-57bbd4a8db17
	at java.base/jdk.internal.reflect.DirectConstructorHandleAccessor.newInstance(DirectConstructorHandleAccessor.java:62)
	at java.base/java.lang.reflect.Constructor.newInstanceWithCaller(Constructor.java:502)
	at java.base/java.lang.reflect.Constructor.newInstance(Constructor.java:486)
	at org.openqa.selenium.remote.ErrorHandler.createThrowable(ErrorHandler.java:221)
	at org.openqa.selenium.remote.ErrorHandler.throwIfResponseFailed(ErrorHandler.java:170)
	at org.openqa.selenium.remote.RemoteWebDriver.execute(RemoteWebDriver.java:571)
	at org.openqa.selenium.remote.RemoteWebDriver$RemoteWebDriverOptions$RemoteTimeouts.pageLoadTimeout(RemoteWebDriver.java:979)
	at baseTest.BaseClassApp.driverSetUp(BaseClassApp.java:31)
	at baseTest.BaseClassApp.popUp(BaseClassApp.java:38)
	at java.base/jdk.internal.reflect.DirectMethodHandleAccessor.invoke(DirectMethodHandleAccessor.java:103)
	at java.base/java.lang.reflect.Method.invoke(Method.java:580)
	at org.testng.internal.MethodInvocationHelper.invokeMethod(MethodInvocationHelper.java:133)
	at org.testng.internal.MethodInvocationHelper.invokeMethodConsideringTimeout(MethodInvocationHelper.java:62)
	at org.testng.internal.ConfigInvoker.invokeConfigurationMethod(ConfigInvoker.java:385)
	at org.testng.internal.ConfigInvoker.invokeConfigurations(ConfigInvoker.java:321)
	at org.testng.internal.TestInvoker.runConfigMethods(TestInvoker.java:700)
	at org.testng.internal.TestInvoker.invokeMethod(TestInvoker.java:527)
	at org.testng.internal.TestInvoker.invokeTestMethod(TestInvoker.java:173)
	at org.testng.internal.MethodRunner.runInSequence(MethodRunner.java:46)
	at org.testng.internal.TestInvoker$MethodInvocationAgent.invoke(TestInvoker.java:824)
	at org.testng.internal.TestInvoker.invokeTestMethods(TestInvoker.java:146)
	at org.testng.internal.TestMethodWorker.invokeTestMethods(TestMethodWorker.java:146)
	at org.testng.internal.TestMethodWorker.run(TestMethodWorker.java:128)
	at java.base/java.util.ArrayList.forEach(ArrayList.java:1596)
	at org.testng.TestRunner.privateRun(TestRunner.java:794)
	at org.testng.TestRunner.run(TestRunner.java:596)
	at org.testng.SuiteRunner.runTest(SuiteRunner.java:377)
	at org.testng.SuiteRunner.runSequentially(SuiteRunner.java:371)
	at org.testng.SuiteRunner.privateRun(SuiteRunner.java:332)
	at org.testng.SuiteRunner.run(SuiteRunner.java:276)
	at org.testng.SuiteRunnerWorker.runSuite(SuiteRunnerWorker.java:53)
	at org.testng.SuiteRunnerWorker.run(SuiteRunnerWorker.java:96)
	at org.testng.TestNG.runSuitesSequentially(TestNG.java:1212)
	at org.testng.TestNG.runSuitesLocally(TestNG.java:1134)
	at org.testng.TestNG.runSuites(TestNG.java:1063)
	at org.testng.TestNG.run(TestNG.java:1031)
	at org.testng.remote.AbstractRemoteTestNG.run(AbstractRemoteTestNG.java:115)
	at org.testng.remote.RemoteTestNG.initAndRun(RemoteTestNG.java:293)
	at org.testng.remote.RemoteTestNG.main(RemoteTestNG.java:91)
</pre></div></td>
<td>11</td>
<td>ketoTest.KetoTest@6f1de4c7</td></tr>
</table><p>
<table width='100%' border='1' class='invocation-skipped'>
<tr><td colspan='4' align='center'><b>SKIPPED CONFIGURATIONS</b></td></tr>
<tr><td><b>Test method</b></td>
<td width="30%"><b>Exception</b></td>
<td width="10%"><b>Time (seconds)</b></td>
<td><b>Instance</b></td>
</tr>
<tr>
<td title='ketoTest.KetoTest.tearDown()'><b>tearDown</b><br>Test class: ketoTest.KetoTest</td>
<td></td>
<td>-1716187117</td>
<td>ketoTest.KetoTest@6f1de4c7</td></tr>
<tr>
<td title='ketoTest.KetoTest.popUp()'><b>popUp</b><br>Test class: ketoTest.KetoTest</td>
<td></td>
<td>-1716187117</td>
<td>ketoTest.KetoTest@6f1de4c7</td></tr>
<tr>
<td title='ketoTest.KetoTest.tearDown()'><b>tearDown</b><br>Test class: ketoTest.KetoTest</td>
<td></td>
<td>-1716187117</td>
<td>ketoTest.KetoTest@6f1de4c7</td></tr>
<tr>
<td title='ketoTest.KetoTest.popUp()'><b>popUp</b><br>Test class: ketoTest.KetoTest</td>
<td></td>
<td>-1716187117</td>
<td>ketoTest.KetoTest@6f1de4c7</td></tr>
<tr>
<td title='ketoTest.KetoTest.tearDown()'><b>tearDown</b><br>Test class: ketoTest.KetoTest</td>
<td></td>
<td>-1716187117</td>
<td>ketoTest.KetoTest@6f1de4c7</td></tr>
<tr>
<td title='ketoTest.KetoTest.popUp()'><b>popUp</b><br>Test class: ketoTest.KetoTest</td>
<td></td>
<td>-1716187117</td>
<td>ketoTest.KetoTest@6f1de4c7</td></tr>
<tr>
<td title='ketoTest.KetoTest.tearDown()'><b>tearDown</b><br>Test class: ketoTest.KetoTest</td>
<td></td>
<td>-1716187117</td>
<td>ketoTest.KetoTest@6f1de4c7</td></tr>
</table><p>
<table width='100%' border='1' class='invocation-skipped'>
<tr><td colspan='4' align='center'><b>SKIPPED TESTS</b></td></tr>
<tr><td><b>Test method</b></td>
<td width="30%"><b>Exception</b></td>
<td width="10%"><b>Time (seconds)</b></td>
<td><b>Instance</b></td>
</tr>
<tr>
<td title='ketoTest.KetoTest.womenVegan()'><b>womenVegan</b><br>Test class: ketoTest.KetoTest</td>
<td><div><pre>org.openqa.selenium.UnsupportedCommandException: {&quot;value&quot;:{&quot;error&quot;:&quot;unknown method&quot;,&quot;message&quot;:&quot;Not implemented yet for pageLoad.&quot;,&quot;stacktrace&quot;:&quot;NotImplementedError: Not implemented yet for pageLoad.\n    at AndroidUiautomator2Driver.pageLoadTimeoutW3C (C:\\Users\\vivek\\node_modules\\appium-uiautomator2-driver\\node_modules\\@appium\\base-driver\\lib\\basedriver\\commands\\timeout.ts:80:11)\n    at AndroidUiautomator2Driver.timeouts (C:\\Users\\vivek\\node_modules\\appium-uiautomator2-driver\\node_modules\\@appium\\base-driver\\lib\\basedriver\\commands\\timeout.ts:51:18)\n    at commandExecutor (C:\\Users\\vivek\\node_modules\\appium-uiautomator2-driver\\node_modules\\@appium\\base-driver\\lib\\basedriver\\driver.ts:106:18)\n    at C:\\Users\\vivek\\node_modules\\appium-uiautomator2-driver\\node_modules\\async-lock\\lib\\index.js:171:12\n    at AsyncLock._promiseTry (C:\\Users\\vivek\\node_modules\\appium-uiautomator2-driver\\node_modules\\async-lock\\lib\\index.js:306:31)\n    at exec (C:\\Users\\vivek\\node_modules\\appium-uiautomator2-driver\\node_modules\\async-lock\\lib\\index.js:170:9)\n    at AsyncLock.acquire (C:\\Users\\vivek\\node_modules\\appium-uiautomator2-driver\\node_modules\\async-lock\\lib\\index.js:189:3)\n    at AndroidUiautomator2Driver.executeCommand (C:\\Users\\vivek\\node_modules\\appium-uiautomator2-driver\\node_modules\\@appium\\base-driver\\lib\\basedriver\\driver.ts:122:39)\n    at processTicksAndRejections (node:internal/process/task_queues:95:5)\n    at defaultBehavior (C:\\Users\\vivek\\AppData\\Roaming\\npm\\node_modules\\appium\\lib\\appium.js:1109:14)\n    at AppiumDriver.executeWrappedCommand (C:\\Users\\vivek\\AppData\\Roaming\\npm\\node_modules\\appium\\lib\\appium.js:1215:16)\n    at AppiumDriver.executeCommand (C:\\Users\\vivek\\AppData\\Roaming\\npm\\node_modules\\appium\\lib\\appium.js:1121:17)\n    at asyncHandler (C:\\Users\\vivek\\AppData\\Roaming\\npm\\node_modules\\appium\\node_modules\\@appium\\base-driver\\lib\\protocol\\protocol.js:393:19)&quot;}}
Command duration or timeout: 14 milliseconds
Build info: version: &apos;4.21.0&apos;, revision: &apos;79ed462ef4&apos;
System info: os.name: &apos;Windows 11&apos;, os.arch: &apos;amd64&apos;, os.version: &apos;10.0&apos;, java.version: &apos;21.0.3&apos;
Driver info: io.appium.java_client.android.AndroidDriver
Command: [fa28fea1-17fd-46e1-8daf-57bbd4a8db17, setTimeout {pageLoad=30000}]
Capabilities {appium:app: C:\Users\vivek\git\Appium-K..., appium:appPackage: ketodietplan.carbmanager.ke..., appium:automationName: UIAutomator2, appium:databaseEnabled: false, appium:desired: {app: C:\Users\vivek\git\Appium-K..., automationName: UIAutomator2, deviceName: Android Device, platformName: ANDROID}, appium:deviceApiLevel: 34, appium:deviceManufacturer: Xiaomi, appium:deviceModel: 23076PC4BI, appium:deviceName: 76f571ebe33e, appium:deviceScreenDensity: 440, appium:deviceScreenSize: 1080x2460, appium:deviceUDID: 76f571ebe33e, appium:javascriptEnabled: true, appium:locationContextEnabled: false, appium:networkConnectionEnabled: true, appium:pixelRatio: 2.75, appium:platformVersion: 14, appium:statBarHeight: 104, appium:takesScreenshot: true, appium:viewportRect: {height: 2356, left: 0, top: 104, width: 1080}, appium:warnings: {}, appium:webStorageEnabled: false, platformName: ANDROID}
Session ID: fa28fea1-17fd-46e1-8daf-57bbd4a8db17
	at org.openqa.selenium.remote.ErrorHandler.createThrowable(ErrorHandler.java:221)
	at org.openqa.selenium.remote.ErrorHandler.throwIfResponseFailed(ErrorHandler.java:170)
	at org.openqa.selenium.remote.RemoteWebDriver.execute(RemoteWebDriver.java:571)
	at org.openqa.selenium.remote.RemoteWebDriver$RemoteWebDriverOptions$RemoteTimeouts.pageLoadTimeout(RemoteWebDriver.java:979)
	at baseTest.BaseClassApp.driverSetUp(BaseClassApp.java:31)
	at baseTest.BaseClassApp.popUp(BaseClassApp.java:38)
	at java.base/java.util.ArrayList.forEach(ArrayList.java:1596)
... Removed 32 stack frames</pre></div><a href='#' onClick='toggleBox("stack-trace1388849499", this, "Click to show all stack frames", "Click to hide stack frames")'>Click to show all stack frames</a>
<div class='stack-trace' id='stack-trace1388849499'><pre>org.openqa.selenium.UnsupportedCommandException: {&quot;value&quot;:{&quot;error&quot;:&quot;unknown method&quot;,&quot;message&quot;:&quot;Not implemented yet for pageLoad.&quot;,&quot;stacktrace&quot;:&quot;NotImplementedError: Not implemented yet for pageLoad.\n    at AndroidUiautomator2Driver.pageLoadTimeoutW3C (C:\\Users\\vivek\\node_modules\\appium-uiautomator2-driver\\node_modules\\@appium\\base-driver\\lib\\basedriver\\commands\\timeout.ts:80:11)\n    at AndroidUiautomator2Driver.timeouts (C:\\Users\\vivek\\node_modules\\appium-uiautomator2-driver\\node_modules\\@appium\\base-driver\\lib\\basedriver\\commands\\timeout.ts:51:18)\n    at commandExecutor (C:\\Users\\vivek\\node_modules\\appium-uiautomator2-driver\\node_modules\\@appium\\base-driver\\lib\\basedriver\\driver.ts:106:18)\n    at C:\\Users\\vivek\\node_modules\\appium-uiautomator2-driver\\node_modules\\async-lock\\lib\\index.js:171:12\n    at AsyncLock._promiseTry (C:\\Users\\vivek\\node_modules\\appium-uiautomator2-driver\\node_modules\\async-lock\\lib\\index.js:306:31)\n    at exec (C:\\Users\\vivek\\node_modules\\appium-uiautomator2-driver\\node_modules\\async-lock\\lib\\index.js:170:9)\n    at AsyncLock.acquire (C:\\Users\\vivek\\node_modules\\appium-uiautomator2-driver\\node_modules\\async-lock\\lib\\index.js:189:3)\n    at AndroidUiautomator2Driver.executeCommand (C:\\Users\\vivek\\node_modules\\appium-uiautomator2-driver\\node_modules\\@appium\\base-driver\\lib\\basedriver\\driver.ts:122:39)\n    at processTicksAndRejections (node:internal/process/task_queues:95:5)\n    at defaultBehavior (C:\\Users\\vivek\\AppData\\Roaming\\npm\\node_modules\\appium\\lib\\appium.js:1109:14)\n    at AppiumDriver.executeWrappedCommand (C:\\Users\\vivek\\AppData\\Roaming\\npm\\node_modules\\appium\\lib\\appium.js:1215:16)\n    at AppiumDriver.executeCommand (C:\\Users\\vivek\\AppData\\Roaming\\npm\\node_modules\\appium\\lib\\appium.js:1121:17)\n    at asyncHandler (C:\\Users\\vivek\\AppData\\Roaming\\npm\\node_modules\\appium\\node_modules\\@appium\\base-driver\\lib\\protocol\\protocol.js:393:19)&quot;}}
Command duration or timeout: 14 milliseconds
Build info: version: &apos;4.21.0&apos;, revision: &apos;79ed462ef4&apos;
System info: os.name: &apos;Windows 11&apos;, os.arch: &apos;amd64&apos;, os.version: &apos;10.0&apos;, java.version: &apos;21.0.3&apos;
Driver info: io.appium.java_client.android.AndroidDriver
Command: [fa28fea1-17fd-46e1-8daf-57bbd4a8db17, setTimeout {pageLoad=30000}]
Capabilities {appium:app: C:\Users\vivek\git\Appium-K..., appium:appPackage: ketodietplan.carbmanager.ke..., appium:automationName: UIAutomator2, appium:databaseEnabled: false, appium:desired: {app: C:\Users\vivek\git\Appium-K..., automationName: UIAutomator2, deviceName: Android Device, platformName: ANDROID}, appium:deviceApiLevel: 34, appium:deviceManufacturer: Xiaomi, appium:deviceModel: 23076PC4BI, appium:deviceName: 76f571ebe33e, appium:deviceScreenDensity: 440, appium:deviceScreenSize: 1080x2460, appium:deviceUDID: 76f571ebe33e, appium:javascriptEnabled: true, appium:locationContextEnabled: false, appium:networkConnectionEnabled: true, appium:pixelRatio: 2.75, appium:platformVersion: 14, appium:statBarHeight: 104, appium:takesScreenshot: true, appium:viewportRect: {height: 2356, left: 0, top: 104, width: 1080}, appium:warnings: {}, appium:webStorageEnabled: false, platformName: ANDROID}
Session ID: fa28fea1-17fd-46e1-8daf-57bbd4a8db17
	at java.base/jdk.internal.reflect.DirectConstructorHandleAccessor.newInstance(DirectConstructorHandleAccessor.java:62)
	at java.base/java.lang.reflect.Constructor.newInstanceWithCaller(Constructor.java:502)
	at java.base/java.lang.reflect.Constructor.newInstance(Constructor.java:486)
	at org.openqa.selenium.remote.ErrorHandler.createThrowable(ErrorHandler.java:221)
	at org.openqa.selenium.remote.ErrorHandler.throwIfResponseFailed(ErrorHandler.java:170)
	at org.openqa.selenium.remote.RemoteWebDriver.execute(RemoteWebDriver.java:571)
	at org.openqa.selenium.remote.RemoteWebDriver$RemoteWebDriverOptions$RemoteTimeouts.pageLoadTimeout(RemoteWebDriver.java:979)
	at baseTest.BaseClassApp.driverSetUp(BaseClassApp.java:31)
	at baseTest.BaseClassApp.popUp(BaseClassApp.java:38)
	at java.base/jdk.internal.reflect.DirectMethodHandleAccessor.invoke(DirectMethodHandleAccessor.java:103)
	at java.base/java.lang.reflect.Method.invoke(Method.java:580)
	at org.testng.internal.MethodInvocationHelper.invokeMethod(MethodInvocationHelper.java:133)
	at org.testng.internal.MethodInvocationHelper.invokeMethodConsideringTimeout(MethodInvocationHelper.java:62)
	at org.testng.internal.ConfigInvoker.invokeConfigurationMethod(ConfigInvoker.java:385)
	at org.testng.internal.ConfigInvoker.invokeConfigurations(ConfigInvoker.java:321)
	at org.testng.internal.TestInvoker.runConfigMethods(TestInvoker.java:700)
	at org.testng.internal.TestInvoker.invokeMethod(TestInvoker.java:527)
	at org.testng.internal.TestInvoker.invokeTestMethod(TestInvoker.java:173)
	at org.testng.internal.MethodRunner.runInSequence(MethodRunner.java:46)
	at org.testng.internal.TestInvoker$MethodInvocationAgent.invoke(TestInvoker.java:824)
	at org.testng.internal.TestInvoker.invokeTestMethods(TestInvoker.java:146)
	at org.testng.internal.TestMethodWorker.invokeTestMethods(TestMethodWorker.java:146)
	at org.testng.internal.TestMethodWorker.run(TestMethodWorker.java:128)
	at java.base/java.util.ArrayList.forEach(ArrayList.java:1596)
	at org.testng.TestRunner.privateRun(TestRunner.java:794)
	at org.testng.TestRunner.run(TestRunner.java:596)
	at org.testng.SuiteRunner.runTest(SuiteRunner.java:377)
	at org.testng.SuiteRunner.runSequentially(SuiteRunner.java:371)
	at org.testng.SuiteRunner.privateRun(SuiteRunner.java:332)
	at org.testng.SuiteRunner.run(SuiteRunner.java:276)
	at org.testng.SuiteRunnerWorker.runSuite(SuiteRunnerWorker.java:53)
	at org.testng.SuiteRunnerWorker.run(SuiteRunnerWorker.java:96)
	at org.testng.TestNG.runSuitesSequentially(TestNG.java:1212)
	at org.testng.TestNG.runSuitesLocally(TestNG.java:1134)
	at org.testng.TestNG.runSuites(TestNG.java:1063)
	at org.testng.TestNG.run(TestNG.java:1031)
	at org.testng.remote.AbstractRemoteTestNG.run(AbstractRemoteTestNG.java:115)
	at org.testng.remote.RemoteTestNG.initAndRun(RemoteTestNG.java:293)
	at org.testng.remote.RemoteTestNG.main(RemoteTestNG.java:91)
</pre></div></td>
<td>0</td>
<td>ketoTest.KetoTest@6f1de4c7</td></tr>
<tr>
<td title='ketoTest.KetoTest.MenNonVegTest()'><b>MenNonVegTest</b><br>Test class: ketoTest.KetoTest</td>
<td><div><pre>org.openqa.selenium.UnsupportedCommandException: {&quot;value&quot;:{&quot;error&quot;:&quot;unknown method&quot;,&quot;message&quot;:&quot;Not implemented yet for pageLoad.&quot;,&quot;stacktrace&quot;:&quot;NotImplementedError: Not implemented yet for pageLoad.\n    at AndroidUiautomator2Driver.pageLoadTimeoutW3C (C:\\Users\\vivek\\node_modules\\appium-uiautomator2-driver\\node_modules\\@appium\\base-driver\\lib\\basedriver\\commands\\timeout.ts:80:11)\n    at AndroidUiautomator2Driver.timeouts (C:\\Users\\vivek\\node_modules\\appium-uiautomator2-driver\\node_modules\\@appium\\base-driver\\lib\\basedriver\\commands\\timeout.ts:51:18)\n    at commandExecutor (C:\\Users\\vivek\\node_modules\\appium-uiautomator2-driver\\node_modules\\@appium\\base-driver\\lib\\basedriver\\driver.ts:106:18)\n    at C:\\Users\\vivek\\node_modules\\appium-uiautomator2-driver\\node_modules\\async-lock\\lib\\index.js:171:12\n    at AsyncLock._promiseTry (C:\\Users\\vivek\\node_modules\\appium-uiautomator2-driver\\node_modules\\async-lock\\lib\\index.js:306:31)\n    at exec (C:\\Users\\vivek\\node_modules\\appium-uiautomator2-driver\\node_modules\\async-lock\\lib\\index.js:170:9)\n    at AsyncLock.acquire (C:\\Users\\vivek\\node_modules\\appium-uiautomator2-driver\\node_modules\\async-lock\\lib\\index.js:189:3)\n    at AndroidUiautomator2Driver.executeCommand (C:\\Users\\vivek\\node_modules\\appium-uiautomator2-driver\\node_modules\\@appium\\base-driver\\lib\\basedriver\\driver.ts:122:39)\n    at processTicksAndRejections (node:internal/process/task_queues:95:5)\n    at defaultBehavior (C:\\Users\\vivek\\AppData\\Roaming\\npm\\node_modules\\appium\\lib\\appium.js:1109:14)\n    at AppiumDriver.executeWrappedCommand (C:\\Users\\vivek\\AppData\\Roaming\\npm\\node_modules\\appium\\lib\\appium.js:1215:16)\n    at AppiumDriver.executeCommand (C:\\Users\\vivek\\AppData\\Roaming\\npm\\node_modules\\appium\\lib\\appium.js:1121:17)\n    at asyncHandler (C:\\Users\\vivek\\AppData\\Roaming\\npm\\node_modules\\appium\\node_modules\\@appium\\base-driver\\lib\\protocol\\protocol.js:393:19)&quot;}}
Command duration or timeout: 14 milliseconds
Build info: version: &apos;4.21.0&apos;, revision: &apos;79ed462ef4&apos;
System info: os.name: &apos;Windows 11&apos;, os.arch: &apos;amd64&apos;, os.version: &apos;10.0&apos;, java.version: &apos;21.0.3&apos;
Driver info: io.appium.java_client.android.AndroidDriver
Command: [fa28fea1-17fd-46e1-8daf-57bbd4a8db17, setTimeout {pageLoad=30000}]
Capabilities {appium:app: C:\Users\vivek\git\Appium-K..., appium:appPackage: ketodietplan.carbmanager.ke..., appium:automationName: UIAutomator2, appium:databaseEnabled: false, appium:desired: {app: C:\Users\vivek\git\Appium-K..., automationName: UIAutomator2, deviceName: Android Device, platformName: ANDROID}, appium:deviceApiLevel: 34, appium:deviceManufacturer: Xiaomi, appium:deviceModel: 23076PC4BI, appium:deviceName: 76f571ebe33e, appium:deviceScreenDensity: 440, appium:deviceScreenSize: 1080x2460, appium:deviceUDID: 76f571ebe33e, appium:javascriptEnabled: true, appium:locationContextEnabled: false, appium:networkConnectionEnabled: true, appium:pixelRatio: 2.75, appium:platformVersion: 14, appium:statBarHeight: 104, appium:takesScreenshot: true, appium:viewportRect: {height: 2356, left: 0, top: 104, width: 1080}, appium:warnings: {}, appium:webStorageEnabled: false, platformName: ANDROID}
Session ID: fa28fea1-17fd-46e1-8daf-57bbd4a8db17
	at org.openqa.selenium.remote.ErrorHandler.createThrowable(ErrorHandler.java:221)
	at org.openqa.selenium.remote.ErrorHandler.throwIfResponseFailed(ErrorHandler.java:170)
	at org.openqa.selenium.remote.RemoteWebDriver.execute(RemoteWebDriver.java:571)
	at org.openqa.selenium.remote.RemoteWebDriver$RemoteWebDriverOptions$RemoteTimeouts.pageLoadTimeout(RemoteWebDriver.java:979)
	at baseTest.BaseClassApp.driverSetUp(BaseClassApp.java:31)
	at baseTest.BaseClassApp.popUp(BaseClassApp.java:38)
	at java.base/java.util.ArrayList.forEach(ArrayList.java:1596)
... Removed 32 stack frames</pre></div><a href='#' onClick='toggleBox("stack-trace854989361", this, "Click to show all stack frames", "Click to hide stack frames")'>Click to show all stack frames</a>
<div class='stack-trace' id='stack-trace854989361'><pre>org.openqa.selenium.UnsupportedCommandException: {&quot;value&quot;:{&quot;error&quot;:&quot;unknown method&quot;,&quot;message&quot;:&quot;Not implemented yet for pageLoad.&quot;,&quot;stacktrace&quot;:&quot;NotImplementedError: Not implemented yet for pageLoad.\n    at AndroidUiautomator2Driver.pageLoadTimeoutW3C (C:\\Users\\vivek\\node_modules\\appium-uiautomator2-driver\\node_modules\\@appium\\base-driver\\lib\\basedriver\\commands\\timeout.ts:80:11)\n    at AndroidUiautomator2Driver.timeouts (C:\\Users\\vivek\\node_modules\\appium-uiautomator2-driver\\node_modules\\@appium\\base-driver\\lib\\basedriver\\commands\\timeout.ts:51:18)\n    at commandExecutor (C:\\Users\\vivek\\node_modules\\appium-uiautomator2-driver\\node_modules\\@appium\\base-driver\\lib\\basedriver\\driver.ts:106:18)\n    at C:\\Users\\vivek\\node_modules\\appium-uiautomator2-driver\\node_modules\\async-lock\\lib\\index.js:171:12\n    at AsyncLock._promiseTry (C:\\Users\\vivek\\node_modules\\appium-uiautomator2-driver\\node_modules\\async-lock\\lib\\index.js:306:31)\n    at exec (C:\\Users\\vivek\\node_modules\\appium-uiautomator2-driver\\node_modules\\async-lock\\lib\\index.js:170:9)\n    at AsyncLock.acquire (C:\\Users\\vivek\\node_modules\\appium-uiautomator2-driver\\node_modules\\async-lock\\lib\\index.js:189:3)\n    at AndroidUiautomator2Driver.executeCommand (C:\\Users\\vivek\\node_modules\\appium-uiautomator2-driver\\node_modules\\@appium\\base-driver\\lib\\basedriver\\driver.ts:122:39)\n    at processTicksAndRejections (node:internal/process/task_queues:95:5)\n    at defaultBehavior (C:\\Users\\vivek\\AppData\\Roaming\\npm\\node_modules\\appium\\lib\\appium.js:1109:14)\n    at AppiumDriver.executeWrappedCommand (C:\\Users\\vivek\\AppData\\Roaming\\npm\\node_modules\\appium\\lib\\appium.js:1215:16)\n    at AppiumDriver.executeCommand (C:\\Users\\vivek\\AppData\\Roaming\\npm\\node_modules\\appium\\lib\\appium.js:1121:17)\n    at asyncHandler (C:\\Users\\vivek\\AppData\\Roaming\\npm\\node_modules\\appium\\node_modules\\@appium\\base-driver\\lib\\protocol\\protocol.js:393:19)&quot;}}
Command duration or timeout: 14 milliseconds
Build info: version: &apos;4.21.0&apos;, revision: &apos;79ed462ef4&apos;
System info: os.name: &apos;Windows 11&apos;, os.arch: &apos;amd64&apos;, os.version: &apos;10.0&apos;, java.version: &apos;21.0.3&apos;
Driver info: io.appium.java_client.android.AndroidDriver
Command: [fa28fea1-17fd-46e1-8daf-57bbd4a8db17, setTimeout {pageLoad=30000}]
Capabilities {appium:app: C:\Users\vivek\git\Appium-K..., appium:appPackage: ketodietplan.carbmanager.ke..., appium:automationName: UIAutomator2, appium:databaseEnabled: false, appium:desired: {app: C:\Users\vivek\git\Appium-K..., automationName: UIAutomator2, deviceName: Android Device, platformName: ANDROID}, appium:deviceApiLevel: 34, appium:deviceManufacturer: Xiaomi, appium:deviceModel: 23076PC4BI, appium:deviceName: 76f571ebe33e, appium:deviceScreenDensity: 440, appium:deviceScreenSize: 1080x2460, appium:deviceUDID: 76f571ebe33e, appium:javascriptEnabled: true, appium:locationContextEnabled: false, appium:networkConnectionEnabled: true, appium:pixelRatio: 2.75, appium:platformVersion: 14, appium:statBarHeight: 104, appium:takesScreenshot: true, appium:viewportRect: {height: 2356, left: 0, top: 104, width: 1080}, appium:warnings: {}, appium:webStorageEnabled: false, platformName: ANDROID}
Session ID: fa28fea1-17fd-46e1-8daf-57bbd4a8db17
	at java.base/jdk.internal.reflect.DirectConstructorHandleAccessor.newInstance(DirectConstructorHandleAccessor.java:62)
	at java.base/java.lang.reflect.Constructor.newInstanceWithCaller(Constructor.java:502)
	at java.base/java.lang.reflect.Constructor.newInstance(Constructor.java:486)
	at org.openqa.selenium.remote.ErrorHandler.createThrowable(ErrorHandler.java:221)
	at org.openqa.selenium.remote.ErrorHandler.throwIfResponseFailed(ErrorHandler.java:170)
	at org.openqa.selenium.remote.RemoteWebDriver.execute(RemoteWebDriver.java:571)
	at org.openqa.selenium.remote.RemoteWebDriver$RemoteWebDriverOptions$RemoteTimeouts.pageLoadTimeout(RemoteWebDriver.java:979)
	at baseTest.BaseClassApp.driverSetUp(BaseClassApp.java:31)
	at baseTest.BaseClassApp.popUp(BaseClassApp.java:38)
	at java.base/jdk.internal.reflect.DirectMethodHandleAccessor.invoke(DirectMethodHandleAccessor.java:103)
	at java.base/java.lang.reflect.Method.invoke(Method.java:580)
	at org.testng.internal.MethodInvocationHelper.invokeMethod(MethodInvocationHelper.java:133)
	at org.testng.internal.MethodInvocationHelper.invokeMethodConsideringTimeout(MethodInvocationHelper.java:62)
	at org.testng.internal.ConfigInvoker.invokeConfigurationMethod(ConfigInvoker.java:385)
	at org.testng.internal.ConfigInvoker.invokeConfigurations(ConfigInvoker.java:321)
	at org.testng.internal.TestInvoker.runConfigMethods(TestInvoker.java:700)
	at org.testng.internal.TestInvoker.invokeMethod(TestInvoker.java:527)
	at org.testng.internal.TestInvoker.invokeTestMethod(TestInvoker.java:173)
	at org.testng.internal.MethodRunner.runInSequence(MethodRunner.java:46)
	at org.testng.internal.TestInvoker$MethodInvocationAgent.invoke(TestInvoker.java:824)
	at org.testng.internal.TestInvoker.invokeTestMethods(TestInvoker.java:146)
	at org.testng.internal.TestMethodWorker.invokeTestMethods(TestMethodWorker.java:146)
	at org.testng.internal.TestMethodWorker.run(TestMethodWorker.java:128)
	at java.base/java.util.ArrayList.forEach(ArrayList.java:1596)
	at org.testng.TestRunner.privateRun(TestRunner.java:794)
	at org.testng.TestRunner.run(TestRunner.java:596)
	at org.testng.SuiteRunner.runTest(SuiteRunner.java:377)
	at org.testng.SuiteRunner.runSequentially(SuiteRunner.java:371)
	at org.testng.SuiteRunner.privateRun(SuiteRunner.java:332)
	at org.testng.SuiteRunner.run(SuiteRunner.java:276)
	at org.testng.SuiteRunnerWorker.runSuite(SuiteRunnerWorker.java:53)
	at org.testng.SuiteRunnerWorker.run(SuiteRunnerWorker.java:96)
	at org.testng.TestNG.runSuitesSequentially(TestNG.java:1212)
	at org.testng.TestNG.runSuitesLocally(TestNG.java:1134)
	at org.testng.TestNG.runSuites(TestNG.java:1063)
	at org.testng.TestNG.run(TestNG.java:1031)
	at org.testng.remote.AbstractRemoteTestNG.run(AbstractRemoteTestNG.java:115)
	at org.testng.remote.RemoteTestNG.initAndRun(RemoteTestNG.java:293)
	at org.testng.remote.RemoteTestNG.main(RemoteTestNG.java:91)
</pre></div></td>
<td>0</td>
<td>ketoTest.KetoTest@6f1de4c7</td></tr>
<tr>
<td title='ketoTest.KetoTest.ketoTestVegetarian()'><b>ketoTestVegetarian</b><br>Test class: ketoTest.KetoTest</td>
<td><div><pre>org.openqa.selenium.UnsupportedCommandException: {&quot;value&quot;:{&quot;error&quot;:&quot;unknown method&quot;,&quot;message&quot;:&quot;Not implemented yet for pageLoad.&quot;,&quot;stacktrace&quot;:&quot;NotImplementedError: Not implemented yet for pageLoad.\n    at AndroidUiautomator2Driver.pageLoadTimeoutW3C (C:\\Users\\vivek\\node_modules\\appium-uiautomator2-driver\\node_modules\\@appium\\base-driver\\lib\\basedriver\\commands\\timeout.ts:80:11)\n    at AndroidUiautomator2Driver.timeouts (C:\\Users\\vivek\\node_modules\\appium-uiautomator2-driver\\node_modules\\@appium\\base-driver\\lib\\basedriver\\commands\\timeout.ts:51:18)\n    at commandExecutor (C:\\Users\\vivek\\node_modules\\appium-uiautomator2-driver\\node_modules\\@appium\\base-driver\\lib\\basedriver\\driver.ts:106:18)\n    at C:\\Users\\vivek\\node_modules\\appium-uiautomator2-driver\\node_modules\\async-lock\\lib\\index.js:171:12\n    at AsyncLock._promiseTry (C:\\Users\\vivek\\node_modules\\appium-uiautomator2-driver\\node_modules\\async-lock\\lib\\index.js:306:31)\n    at exec (C:\\Users\\vivek\\node_modules\\appium-uiautomator2-driver\\node_modules\\async-lock\\lib\\index.js:170:9)\n    at AsyncLock.acquire (C:\\Users\\vivek\\node_modules\\appium-uiautomator2-driver\\node_modules\\async-lock\\lib\\index.js:189:3)\n    at AndroidUiautomator2Driver.executeCommand (C:\\Users\\vivek\\node_modules\\appium-uiautomator2-driver\\node_modules\\@appium\\base-driver\\lib\\basedriver\\driver.ts:122:39)\n    at processTicksAndRejections (node:internal/process/task_queues:95:5)\n    at defaultBehavior (C:\\Users\\vivek\\AppData\\Roaming\\npm\\node_modules\\appium\\lib\\appium.js:1109:14)\n    at AppiumDriver.executeWrappedCommand (C:\\Users\\vivek\\AppData\\Roaming\\npm\\node_modules\\appium\\lib\\appium.js:1215:16)\n    at AppiumDriver.executeCommand (C:\\Users\\vivek\\AppData\\Roaming\\npm\\node_modules\\appium\\lib\\appium.js:1121:17)\n    at asyncHandler (C:\\Users\\vivek\\AppData\\Roaming\\npm\\node_modules\\appium\\node_modules\\@appium\\base-driver\\lib\\protocol\\protocol.js:393:19)&quot;}}
Command duration or timeout: 14 milliseconds
Build info: version: &apos;4.21.0&apos;, revision: &apos;79ed462ef4&apos;
System info: os.name: &apos;Windows 11&apos;, os.arch: &apos;amd64&apos;, os.version: &apos;10.0&apos;, java.version: &apos;21.0.3&apos;
Driver info: io.appium.java_client.android.AndroidDriver
Command: [fa28fea1-17fd-46e1-8daf-57bbd4a8db17, setTimeout {pageLoad=30000}]
Capabilities {appium:app: C:\Users\vivek\git\Appium-K..., appium:appPackage: ketodietplan.carbmanager.ke..., appium:automationName: UIAutomator2, appium:databaseEnabled: false, appium:desired: {app: C:\Users\vivek\git\Appium-K..., automationName: UIAutomator2, deviceName: Android Device, platformName: ANDROID}, appium:deviceApiLevel: 34, appium:deviceManufacturer: Xiaomi, appium:deviceModel: 23076PC4BI, appium:deviceName: 76f571ebe33e, appium:deviceScreenDensity: 440, appium:deviceScreenSize: 1080x2460, appium:deviceUDID: 76f571ebe33e, appium:javascriptEnabled: true, appium:locationContextEnabled: false, appium:networkConnectionEnabled: true, appium:pixelRatio: 2.75, appium:platformVersion: 14, appium:statBarHeight: 104, appium:takesScreenshot: true, appium:viewportRect: {height: 2356, left: 0, top: 104, width: 1080}, appium:warnings: {}, appium:webStorageEnabled: false, platformName: ANDROID}
Session ID: fa28fea1-17fd-46e1-8daf-57bbd4a8db17
	at org.openqa.selenium.remote.ErrorHandler.createThrowable(ErrorHandler.java:221)
	at org.openqa.selenium.remote.ErrorHandler.throwIfResponseFailed(ErrorHandler.java:170)
	at org.openqa.selenium.remote.RemoteWebDriver.execute(RemoteWebDriver.java:571)
	at org.openqa.selenium.remote.RemoteWebDriver$RemoteWebDriverOptions$RemoteTimeouts.pageLoadTimeout(RemoteWebDriver.java:979)
	at baseTest.BaseClassApp.driverSetUp(BaseClassApp.java:31)
	at baseTest.BaseClassApp.popUp(BaseClassApp.java:38)
	at java.base/java.util.ArrayList.forEach(ArrayList.java:1596)
... Removed 32 stack frames</pre></div><a href='#' onClick='toggleBox("stack-trace1037942373", this, "Click to show all stack frames", "Click to hide stack frames")'>Click to show all stack frames</a>
<div class='stack-trace' id='stack-trace1037942373'><pre>org.openqa.selenium.UnsupportedCommandException: {&quot;value&quot;:{&quot;error&quot;:&quot;unknown method&quot;,&quot;message&quot;:&quot;Not implemented yet for pageLoad.&quot;,&quot;stacktrace&quot;:&quot;NotImplementedError: Not implemented yet for pageLoad.\n    at AndroidUiautomator2Driver.pageLoadTimeoutW3C (C:\\Users\\vivek\\node_modules\\appium-uiautomator2-driver\\node_modules\\@appium\\base-driver\\lib\\basedriver\\commands\\timeout.ts:80:11)\n    at AndroidUiautomator2Driver.timeouts (C:\\Users\\vivek\\node_modules\\appium-uiautomator2-driver\\node_modules\\@appium\\base-driver\\lib\\basedriver\\commands\\timeout.ts:51:18)\n    at commandExecutor (C:\\Users\\vivek\\node_modules\\appium-uiautomator2-driver\\node_modules\\@appium\\base-driver\\lib\\basedriver\\driver.ts:106:18)\n    at C:\\Users\\vivek\\node_modules\\appium-uiautomator2-driver\\node_modules\\async-lock\\lib\\index.js:171:12\n    at AsyncLock._promiseTry (C:\\Users\\vivek\\node_modules\\appium-uiautomator2-driver\\node_modules\\async-lock\\lib\\index.js:306:31)\n    at exec (C:\\Users\\vivek\\node_modules\\appium-uiautomator2-driver\\node_modules\\async-lock\\lib\\index.js:170:9)\n    at AsyncLock.acquire (C:\\Users\\vivek\\node_modules\\appium-uiautomator2-driver\\node_modules\\async-lock\\lib\\index.js:189:3)\n    at AndroidUiautomator2Driver.executeCommand (C:\\Users\\vivek\\node_modules\\appium-uiautomator2-driver\\node_modules\\@appium\\base-driver\\lib\\basedriver\\driver.ts:122:39)\n    at processTicksAndRejections (node:internal/process/task_queues:95:5)\n    at defaultBehavior (C:\\Users\\vivek\\AppData\\Roaming\\npm\\node_modules\\appium\\lib\\appium.js:1109:14)\n    at AppiumDriver.executeWrappedCommand (C:\\Users\\vivek\\AppData\\Roaming\\npm\\node_modules\\appium\\lib\\appium.js:1215:16)\n    at AppiumDriver.executeCommand (C:\\Users\\vivek\\AppData\\Roaming\\npm\\node_modules\\appium\\lib\\appium.js:1121:17)\n    at asyncHandler (C:\\Users\\vivek\\AppData\\Roaming\\npm\\node_modules\\appium\\node_modules\\@appium\\base-driver\\lib\\protocol\\protocol.js:393:19)&quot;}}
Command duration or timeout: 14 milliseconds
Build info: version: &apos;4.21.0&apos;, revision: &apos;79ed462ef4&apos;
System info: os.name: &apos;Windows 11&apos;, os.arch: &apos;amd64&apos;, os.version: &apos;10.0&apos;, java.version: &apos;21.0.3&apos;
Driver info: io.appium.java_client.android.AndroidDriver
Command: [fa28fea1-17fd-46e1-8daf-57bbd4a8db17, setTimeout {pageLoad=30000}]
Capabilities {appium:app: C:\Users\vivek\git\Appium-K..., appium:appPackage: ketodietplan.carbmanager.ke..., appium:automationName: UIAutomator2, appium:databaseEnabled: false, appium:desired: {app: C:\Users\vivek\git\Appium-K..., automationName: UIAutomator2, deviceName: Android Device, platformName: ANDROID}, appium:deviceApiLevel: 34, appium:deviceManufacturer: Xiaomi, appium:deviceModel: 23076PC4BI, appium:deviceName: 76f571ebe33e, appium:deviceScreenDensity: 440, appium:deviceScreenSize: 1080x2460, appium:deviceUDID: 76f571ebe33e, appium:javascriptEnabled: true, appium:locationContextEnabled: false, appium:networkConnectionEnabled: true, appium:pixelRatio: 2.75, appium:platformVersion: 14, appium:statBarHeight: 104, appium:takesScreenshot: true, appium:viewportRect: {height: 2356, left: 0, top: 104, width: 1080}, appium:warnings: {}, appium:webStorageEnabled: false, platformName: ANDROID}
Session ID: fa28fea1-17fd-46e1-8daf-57bbd4a8db17
	at java.base/jdk.internal.reflect.DirectConstructorHandleAccessor.newInstance(DirectConstructorHandleAccessor.java:62)
	at java.base/java.lang.reflect.Constructor.newInstanceWithCaller(Constructor.java:502)
	at java.base/java.lang.reflect.Constructor.newInstance(Constructor.java:486)
	at org.openqa.selenium.remote.ErrorHandler.createThrowable(ErrorHandler.java:221)
	at org.openqa.selenium.remote.ErrorHandler.throwIfResponseFailed(ErrorHandler.java:170)
	at org.openqa.selenium.remote.RemoteWebDriver.execute(RemoteWebDriver.java:571)
	at org.openqa.selenium.remote.RemoteWebDriver$RemoteWebDriverOptions$RemoteTimeouts.pageLoadTimeout(RemoteWebDriver.java:979)
	at baseTest.BaseClassApp.driverSetUp(BaseClassApp.java:31)
	at baseTest.BaseClassApp.popUp(BaseClassApp.java:38)
	at java.base/jdk.internal.reflect.DirectMethodHandleAccessor.invoke(DirectMethodHandleAccessor.java:103)
	at java.base/java.lang.reflect.Method.invoke(Method.java:580)
	at org.testng.internal.MethodInvocationHelper.invokeMethod(MethodInvocationHelper.java:133)
	at org.testng.internal.MethodInvocationHelper.invokeMethodConsideringTimeout(MethodInvocationHelper.java:62)
	at org.testng.internal.ConfigInvoker.invokeConfigurationMethod(ConfigInvoker.java:385)
	at org.testng.internal.ConfigInvoker.invokeConfigurations(ConfigInvoker.java:321)
	at org.testng.internal.TestInvoker.runConfigMethods(TestInvoker.java:700)
	at org.testng.internal.TestInvoker.invokeMethod(TestInvoker.java:527)
	at org.testng.internal.TestInvoker.invokeTestMethod(TestInvoker.java:173)
	at org.testng.internal.MethodRunner.runInSequence(MethodRunner.java:46)
	at org.testng.internal.TestInvoker$MethodInvocationAgent.invoke(TestInvoker.java:824)
	at org.testng.internal.TestInvoker.invokeTestMethods(TestInvoker.java:146)
	at org.testng.internal.TestMethodWorker.invokeTestMethods(TestMethodWorker.java:146)
	at org.testng.internal.TestMethodWorker.run(TestMethodWorker.java:128)
	at java.base/java.util.ArrayList.forEach(ArrayList.java:1596)
	at org.testng.TestRunner.privateRun(TestRunner.java:794)
	at org.testng.TestRunner.run(TestRunner.java:596)
	at org.testng.SuiteRunner.runTest(SuiteRunner.java:377)
	at org.testng.SuiteRunner.runSequentially(SuiteRunner.java:371)
	at org.testng.SuiteRunner.privateRun(SuiteRunner.java:332)
	at org.testng.SuiteRunner.run(SuiteRunner.java:276)
	at org.testng.SuiteRunnerWorker.runSuite(SuiteRunnerWorker.java:53)
	at org.testng.SuiteRunnerWorker.run(SuiteRunnerWorker.java:96)
	at org.testng.TestNG.runSuitesSequentially(TestNG.java:1212)
	at org.testng.TestNG.runSuitesLocally(TestNG.java:1134)
	at org.testng.TestNG.runSuites(TestNG.java:1063)
	at org.testng.TestNG.run(TestNG.java:1031)
	at org.testng.remote.AbstractRemoteTestNG.run(AbstractRemoteTestNG.java:115)
	at org.testng.remote.RemoteTestNG.initAndRun(RemoteTestNG.java:293)
	at org.testng.remote.RemoteTestNG.main(RemoteTestNG.java:91)
</pre></div></td>
<td>0</td>
<td>ketoTest.KetoTest@6f1de4c7</td></tr>
<tr>
<td title='ketoTest.KetoTest.womenNonVegan()'><b>womenNonVegan</b><br>Test class: ketoTest.KetoTest</td>
<td><div><pre>org.openqa.selenium.UnsupportedCommandException: {&quot;value&quot;:{&quot;error&quot;:&quot;unknown method&quot;,&quot;message&quot;:&quot;Not implemented yet for pageLoad.&quot;,&quot;stacktrace&quot;:&quot;NotImplementedError: Not implemented yet for pageLoad.\n    at AndroidUiautomator2Driver.pageLoadTimeoutW3C (C:\\Users\\vivek\\node_modules\\appium-uiautomator2-driver\\node_modules\\@appium\\base-driver\\lib\\basedriver\\commands\\timeout.ts:80:11)\n    at AndroidUiautomator2Driver.timeouts (C:\\Users\\vivek\\node_modules\\appium-uiautomator2-driver\\node_modules\\@appium\\base-driver\\lib\\basedriver\\commands\\timeout.ts:51:18)\n    at commandExecutor (C:\\Users\\vivek\\node_modules\\appium-uiautomator2-driver\\node_modules\\@appium\\base-driver\\lib\\basedriver\\driver.ts:106:18)\n    at C:\\Users\\vivek\\node_modules\\appium-uiautomator2-driver\\node_modules\\async-lock\\lib\\index.js:171:12\n    at AsyncLock._promiseTry (C:\\Users\\vivek\\node_modules\\appium-uiautomator2-driver\\node_modules\\async-lock\\lib\\index.js:306:31)\n    at exec (C:\\Users\\vivek\\node_modules\\appium-uiautomator2-driver\\node_modules\\async-lock\\lib\\index.js:170:9)\n    at AsyncLock.acquire (C:\\Users\\vivek\\node_modules\\appium-uiautomator2-driver\\node_modules\\async-lock\\lib\\index.js:189:3)\n    at AndroidUiautomator2Driver.executeCommand (C:\\Users\\vivek\\node_modules\\appium-uiautomator2-driver\\node_modules\\@appium\\base-driver\\lib\\basedriver\\driver.ts:122:39)\n    at processTicksAndRejections (node:internal/process/task_queues:95:5)\n    at defaultBehavior (C:\\Users\\vivek\\AppData\\Roaming\\npm\\node_modules\\appium\\lib\\appium.js:1109:14)\n    at AppiumDriver.executeWrappedCommand (C:\\Users\\vivek\\AppData\\Roaming\\npm\\node_modules\\appium\\lib\\appium.js:1215:16)\n    at AppiumDriver.executeCommand (C:\\Users\\vivek\\AppData\\Roaming\\npm\\node_modules\\appium\\lib\\appium.js:1121:17)\n    at asyncHandler (C:\\Users\\vivek\\AppData\\Roaming\\npm\\node_modules\\appium\\node_modules\\@appium\\base-driver\\lib\\protocol\\protocol.js:393:19)&quot;}}
Command duration or timeout: 14 milliseconds
Build info: version: &apos;4.21.0&apos;, revision: &apos;79ed462ef4&apos;
System info: os.name: &apos;Windows 11&apos;, os.arch: &apos;amd64&apos;, os.version: &apos;10.0&apos;, java.version: &apos;21.0.3&apos;
Driver info: io.appium.java_client.android.AndroidDriver
Command: [fa28fea1-17fd-46e1-8daf-57bbd4a8db17, setTimeout {pageLoad=30000}]
Capabilities {appium:app: C:\Users\vivek\git\Appium-K..., appium:appPackage: ketodietplan.carbmanager.ke..., appium:automationName: UIAutomator2, appium:databaseEnabled: false, appium:desired: {app: C:\Users\vivek\git\Appium-K..., automationName: UIAutomator2, deviceName: Android Device, platformName: ANDROID}, appium:deviceApiLevel: 34, appium:deviceManufacturer: Xiaomi, appium:deviceModel: 23076PC4BI, appium:deviceName: 76f571ebe33e, appium:deviceScreenDensity: 440, appium:deviceScreenSize: 1080x2460, appium:deviceUDID: 76f571ebe33e, appium:javascriptEnabled: true, appium:locationContextEnabled: false, appium:networkConnectionEnabled: true, appium:pixelRatio: 2.75, appium:platformVersion: 14, appium:statBarHeight: 104, appium:takesScreenshot: true, appium:viewportRect: {height: 2356, left: 0, top: 104, width: 1080}, appium:warnings: {}, appium:webStorageEnabled: false, platformName: ANDROID}
Session ID: fa28fea1-17fd-46e1-8daf-57bbd4a8db17
	at org.openqa.selenium.remote.ErrorHandler.createThrowable(ErrorHandler.java:221)
	at org.openqa.selenium.remote.ErrorHandler.throwIfResponseFailed(ErrorHandler.java:170)
	at org.openqa.selenium.remote.RemoteWebDriver.execute(RemoteWebDriver.java:571)
	at org.openqa.selenium.remote.RemoteWebDriver$RemoteWebDriverOptions$RemoteTimeouts.pageLoadTimeout(RemoteWebDriver.java:979)
	at baseTest.BaseClassApp.driverSetUp(BaseClassApp.java:31)
	at baseTest.BaseClassApp.popUp(BaseClassApp.java:38)
	at java.base/java.util.ArrayList.forEach(ArrayList.java:1596)
... Removed 32 stack frames</pre></div><a href='#' onClick='toggleBox("stack-trace1725054538", this, "Click to show all stack frames", "Click to hide stack frames")'>Click to show all stack frames</a>
<div class='stack-trace' id='stack-trace1725054538'><pre>org.openqa.selenium.UnsupportedCommandException: {&quot;value&quot;:{&quot;error&quot;:&quot;unknown method&quot;,&quot;message&quot;:&quot;Not implemented yet for pageLoad.&quot;,&quot;stacktrace&quot;:&quot;NotImplementedError: Not implemented yet for pageLoad.\n    at AndroidUiautomator2Driver.pageLoadTimeoutW3C (C:\\Users\\vivek\\node_modules\\appium-uiautomator2-driver\\node_modules\\@appium\\base-driver\\lib\\basedriver\\commands\\timeout.ts:80:11)\n    at AndroidUiautomator2Driver.timeouts (C:\\Users\\vivek\\node_modules\\appium-uiautomator2-driver\\node_modules\\@appium\\base-driver\\lib\\basedriver\\commands\\timeout.ts:51:18)\n    at commandExecutor (C:\\Users\\vivek\\node_modules\\appium-uiautomator2-driver\\node_modules\\@appium\\base-driver\\lib\\basedriver\\driver.ts:106:18)\n    at C:\\Users\\vivek\\node_modules\\appium-uiautomator2-driver\\node_modules\\async-lock\\lib\\index.js:171:12\n    at AsyncLock._promiseTry (C:\\Users\\vivek\\node_modules\\appium-uiautomator2-driver\\node_modules\\async-lock\\lib\\index.js:306:31)\n    at exec (C:\\Users\\vivek\\node_modules\\appium-uiautomator2-driver\\node_modules\\async-lock\\lib\\index.js:170:9)\n    at AsyncLock.acquire (C:\\Users\\vivek\\node_modules\\appium-uiautomator2-driver\\node_modules\\async-lock\\lib\\index.js:189:3)\n    at AndroidUiautomator2Driver.executeCommand (C:\\Users\\vivek\\node_modules\\appium-uiautomator2-driver\\node_modules\\@appium\\base-driver\\lib\\basedriver\\driver.ts:122:39)\n    at processTicksAndRejections (node:internal/process/task_queues:95:5)\n    at defaultBehavior (C:\\Users\\vivek\\AppData\\Roaming\\npm\\node_modules\\appium\\lib\\appium.js:1109:14)\n    at AppiumDriver.executeWrappedCommand (C:\\Users\\vivek\\AppData\\Roaming\\npm\\node_modules\\appium\\lib\\appium.js:1215:16)\n    at AppiumDriver.executeCommand (C:\\Users\\vivek\\AppData\\Roaming\\npm\\node_modules\\appium\\lib\\appium.js:1121:17)\n    at asyncHandler (C:\\Users\\vivek\\AppData\\Roaming\\npm\\node_modules\\appium\\node_modules\\@appium\\base-driver\\lib\\protocol\\protocol.js:393:19)&quot;}}
Command duration or timeout: 14 milliseconds
Build info: version: &apos;4.21.0&apos;, revision: &apos;79ed462ef4&apos;
System info: os.name: &apos;Windows 11&apos;, os.arch: &apos;amd64&apos;, os.version: &apos;10.0&apos;, java.version: &apos;21.0.3&apos;
Driver info: io.appium.java_client.android.AndroidDriver
Command: [fa28fea1-17fd-46e1-8daf-57bbd4a8db17, setTimeout {pageLoad=30000}]
Capabilities {appium:app: C:\Users\vivek\git\Appium-K..., appium:appPackage: ketodietplan.carbmanager.ke..., appium:automationName: UIAutomator2, appium:databaseEnabled: false, appium:desired: {app: C:\Users\vivek\git\Appium-K..., automationName: UIAutomator2, deviceName: Android Device, platformName: ANDROID}, appium:deviceApiLevel: 34, appium:deviceManufacturer: Xiaomi, appium:deviceModel: 23076PC4BI, appium:deviceName: 76f571ebe33e, appium:deviceScreenDensity: 440, appium:deviceScreenSize: 1080x2460, appium:deviceUDID: 76f571ebe33e, appium:javascriptEnabled: true, appium:locationContextEnabled: false, appium:networkConnectionEnabled: true, appium:pixelRatio: 2.75, appium:platformVersion: 14, appium:statBarHeight: 104, appium:takesScreenshot: true, appium:viewportRect: {height: 2356, left: 0, top: 104, width: 1080}, appium:warnings: {}, appium:webStorageEnabled: false, platformName: ANDROID}
Session ID: fa28fea1-17fd-46e1-8daf-57bbd4a8db17
	at java.base/jdk.internal.reflect.DirectConstructorHandleAccessor.newInstance(DirectConstructorHandleAccessor.java:62)
	at java.base/java.lang.reflect.Constructor.newInstanceWithCaller(Constructor.java:502)
	at java.base/java.lang.reflect.Constructor.newInstance(Constructor.java:486)
	at org.openqa.selenium.remote.ErrorHandler.createThrowable(ErrorHandler.java:221)
	at org.openqa.selenium.remote.ErrorHandler.throwIfResponseFailed(ErrorHandler.java:170)
	at org.openqa.selenium.remote.RemoteWebDriver.execute(RemoteWebDriver.java:571)
	at org.openqa.selenium.remote.RemoteWebDriver$RemoteWebDriverOptions$RemoteTimeouts.pageLoadTimeout(RemoteWebDriver.java:979)
	at baseTest.BaseClassApp.driverSetUp(BaseClassApp.java:31)
	at baseTest.BaseClassApp.popUp(BaseClassApp.java:38)
	at java.base/jdk.internal.reflect.DirectMethodHandleAccessor.invoke(DirectMethodHandleAccessor.java:103)
	at java.base/java.lang.reflect.Method.invoke(Method.java:580)
	at org.testng.internal.MethodInvocationHelper.invokeMethod(MethodInvocationHelper.java:133)
	at org.testng.internal.MethodInvocationHelper.invokeMethodConsideringTimeout(MethodInvocationHelper.java:62)
	at org.testng.internal.ConfigInvoker.invokeConfigurationMethod(ConfigInvoker.java:385)
	at org.testng.internal.ConfigInvoker.invokeConfigurations(ConfigInvoker.java:321)
	at org.testng.internal.TestInvoker.runConfigMethods(TestInvoker.java:700)
	at org.testng.internal.TestInvoker.invokeMethod(TestInvoker.java:527)
	at org.testng.internal.TestInvoker.invokeTestMethod(TestInvoker.java:173)
	at org.testng.internal.MethodRunner.runInSequence(MethodRunner.java:46)
	at org.testng.internal.TestInvoker$MethodInvocationAgent.invoke(TestInvoker.java:824)
	at org.testng.internal.TestInvoker.invokeTestMethods(TestInvoker.java:146)
	at org.testng.internal.TestMethodWorker.invokeTestMethods(TestMethodWorker.java:146)
	at org.testng.internal.TestMethodWorker.run(TestMethodWorker.java:128)
	at java.base/java.util.ArrayList.forEach(ArrayList.java:1596)
	at org.testng.TestRunner.privateRun(TestRunner.java:794)
	at org.testng.TestRunner.run(TestRunner.java:596)
	at org.testng.SuiteRunner.runTest(SuiteRunner.java:377)
	at org.testng.SuiteRunner.runSequentially(SuiteRunner.java:371)
	at org.testng.SuiteRunner.privateRun(SuiteRunner.java:332)
	at org.testng.SuiteRunner.run(SuiteRunner.java:276)
	at org.testng.SuiteRunnerWorker.runSuite(SuiteRunnerWorker.java:53)
	at org.testng.SuiteRunnerWorker.run(SuiteRunnerWorker.java:96)
	at org.testng.TestNG.runSuitesSequentially(TestNG.java:1212)
	at org.testng.TestNG.runSuitesLocally(TestNG.java:1134)
	at org.testng.TestNG.runSuites(TestNG.java:1063)
	at org.testng.TestNG.run(TestNG.java:1031)
	at org.testng.remote.AbstractRemoteTestNG.run(AbstractRemoteTestNG.java:115)
	at org.testng.remote.RemoteTestNG.initAndRun(RemoteTestNG.java:293)
	at org.testng.remote.RemoteTestNG.main(RemoteTestNG.java:91)
</pre></div></td>
<td>0</td>
<td>ketoTest.KetoTest@6f1de4c7</td></tr>
</table><p>
</body>
</html>