<?xml version="1.0" encoding="UTF-8"?>
<!-- Generated by org.testng.reporters.JUnitXMLReporter -->
<testsuite ignored="0" hostname="HIS" failures="0" tests="4" name="Test" time="11.691" errors="0" timestamp="2024-05-20T12:08:37 IST">
  <testcase classname="baseTest.BaseClassApp" name="@BeforeMethod popUp" time="11.259">
    <failure type="org.openqa.selenium.UnsupportedCommandException" message="{&amp;quot;value&amp;quot;:{&amp;quot;error&amp;quot;:&amp;quot;unknown method&amp;quot;,&amp;quot;message&amp;quot;:&amp;quot;Not implemented yet for pageLoad.&amp;quot;,&amp;quot;stacktrace&amp;quot;:&amp;quot;NotImplementedError: Not implemented yet for pageLoad.\n    at AndroidUiautomator2Driver.pageLoadTimeoutW3C (C:\\Users\\vivek\\node_modules\\appium-uiautomator2-driver\\node_modules\\@appium\\base-driver\\lib\\basedriver\\commands\\timeout.ts:80:11)\n    at AndroidUiautomator2Driver.timeouts (C:\\Users\\vivek\\node_modules\\appium-uiautomator2-driver\\node_modules\\@appium\\base-driver\\lib\\basedriver\\commands\\timeout.ts:51:18)\n    at commandExecutor (C:\\Users\\vivek\\node_modules\\appium-uiautomator2-driver\\node_modules\\@appium\\base-driver\\lib\\basedriver\\driver.ts:106:18)\n    at C:\\Users\\vivek\\node_modules\\appium-uiautomator2-driver\\node_modules\\async-lock\\lib\\index.js:171:12\n    at AsyncLock._promiseTry (C:\\Users\\vivek\\node_modules\\appium-uiautomator2-driver\\node_modules\\async-lock\\lib\\index.js:306:31)\n    at exec (C:\\Users\\vivek\\node_modules\\appium-uiautomator2-driver\\node_modules\\async-lock\\lib\\index.js:170:9)\n    at AsyncLock.acquire (C:\\Users\\vivek\\node_modules\\appium-uiautomator2-driver\\node_modules\\async-lock\\lib\\index.js:189:3)\n    at AndroidUiautomator2Driver.executeCommand (C:\\Users\\vivek\\node_modules\\appium-uiautomator2-driver\\node_modules\\@appium\\base-driver\\lib\\basedriver\\driver.ts:122:39)\n    at processTicksAndRejections (node:internal/process/task_queues:95:5)\n    at defaultBehavior (C:\\Users\\vivek\\AppData\\Roaming\\npm\\node_modules\\appium\\lib\\appium.js:1109:14)\n    at AppiumDriver.executeWrappedCommand (C:\\Users\\vivek\\AppData\\Roaming\\npm\\node_modules\\appium\\lib\\appium.js:1215:16)\n    at AppiumDriver.executeCommand (C:\\Users\\vivek\\AppData\\Roaming\\npm\\node_modules\\appium\\lib\\appium.js:1121:17)\n    at asyncHandler (C:\\Users\\vivek\\AppData\\Roaming\\npm\\node_modules\\appium\\node_modules\\@appium\\base-driver\\lib\\protocol\\protocol.js:393:19)&amp;quot;}}
Command duration or timeout: 14 milliseconds
Build info: version: &amp;apos;4.21.0&amp;apos;, revision: &amp;apos;79ed462ef4&amp;apos;
System info: os.name: &amp;apos;Windows 11&amp;apos;, os.arch: &amp;apos;amd64&amp;apos;, os.version: &amp;apos;10.0&amp;apos;, java.version: &amp;apos;21.0.3&amp;apos;
Driver info: io.appium.java_client.android.AndroidDriver
Command: [fa28fea1-17fd-46e1-8daf-57bbd4a8db17, setTimeout {pageLoad=30000}]
Capabilities {appium:app: C:\Users\vivek\git\Appium-K..., appium:appPackage: ketodietplan.carbmanager.ke..., appium:automationName: UIAutomator2, appium:databaseEnabled: false, appium:desired: {app: C:\Users\vivek\git\Appium-K..., automationName: UIAutomator2, deviceName: Android Device, platformName: ANDROID}, appium:deviceApiLevel: 34, appium:deviceManufacturer: Xiaomi, appium:deviceModel: 23076PC4BI, appium:deviceName: 76f571ebe33e, appium:deviceScreenDensity: 440, appium:deviceScreenSize: 1080x2460, appium:deviceUDID: 76f571ebe33e, appium:javascriptEnabled: true, appium:locationContextEnabled: false, appium:networkConnectionEnabled: true, appium:pixelRatio: 2.75, appium:platformVersion: 14, appium:statBarHeight: 104, appium:takesScreenshot: true, appium:viewportRect: {height: 2356, left: 0, top: 104, width: 1080}, appium:warnings: {}, appium:webStorageEnabled: false, platformName: ANDROID}
Session ID: fa28fea1-17fd-46e1-8daf-57bbd4a8db17">
      <![CDATA[org.openqa.selenium.UnsupportedCommandException: {"value":{"error":"unknown method","message":"Not implemented yet for pageLoad.","stacktrace":"NotImplementedError: Not implemented yet for pageLoad.\n    at AndroidUiautomator2Driver.pageLoadTimeoutW3C (C:\\Users\\vivek\\node_modules\\appium-uiautomator2-driver\\node_modules\\@appium\\base-driver\\lib\\basedriver\\commands\\timeout.ts:80:11)\n    at AndroidUiautomator2Driver.timeouts (C:\\Users\\vivek\\node_modules\\appium-uiautomator2-driver\\node_modules\\@appium\\base-driver\\lib\\basedriver\\commands\\timeout.ts:51:18)\n    at commandExecutor (C:\\Users\\vivek\\node_modules\\appium-uiautomator2-driver\\node_modules\\@appium\\base-driver\\lib\\basedriver\\driver.ts:106:18)\n    at C:\\Users\\vivek\\node_modules\\appium-uiautomator2-driver\\node_modules\\async-lock\\lib\\index.js:171:12\n    at AsyncLock._promiseTry (C:\\Users\\vivek\\node_modules\\appium-uiautomator2-driver\\node_modules\\async-lock\\lib\\index.js:306:31)\n    at exec (C:\\Users\\vivek\\node_modules\\appium-uiautomator2-driver\\node_modules\\async-lock\\lib\\index.js:170:9)\n    at AsyncLock.acquire (C:\\Users\\vivek\\node_modules\\appium-uiautomator2-driver\\node_modules\\async-lock\\lib\\index.js:189:3)\n    at AndroidUiautomator2Driver.executeCommand (C:\\Users\\vivek\\node_modules\\appium-uiautomator2-driver\\node_modules\\@appium\\base-driver\\lib\\basedriver\\driver.ts:122:39)\n    at processTicksAndRejections (node:internal/process/task_queues:95:5)\n    at defaultBehavior (C:\\Users\\vivek\\AppData\\Roaming\\npm\\node_modules\\appium\\lib\\appium.js:1109:14)\n    at AppiumDriver.executeWrappedCommand (C:\\Users\\vivek\\AppData\\Roaming\\npm\\node_modules\\appium\\lib\\appium.js:1215:16)\n    at AppiumDriver.executeCommand (C:\\Users\\vivek\\AppData\\Roaming\\npm\\node_modules\\appium\\lib\\appium.js:1121:17)\n    at asyncHandler (C:\\Users\\vivek\\AppData\\Roaming\\npm\\node_modules\\appium\\node_modules\\@appium\\base-driver\\lib\\protocol\\protocol.js:393:19)"}}
Command duration or timeout: 14 milliseconds
Build info: version: '4.21.0', revision: '79ed462ef4'
System info: os.name: 'Windows 11', os.arch: 'amd64', os.version: '10.0', java.version: '21.0.3'
Driver info: io.appium.java_client.android.AndroidDriver
Command: [fa28fea1-17fd-46e1-8daf-57bbd4a8db17, setTimeout {pageLoad=30000}]
Capabilities {appium:app: C:\Users\vivek\git\Appium-K..., appium:appPackage: ketodietplan.carbmanager.ke..., appium:automationName: UIAutomator2, appium:databaseEnabled: false, appium:desired: {app: C:\Users\vivek\git\Appium-K..., automationName: UIAutomator2, deviceName: Android Device, platformName: ANDROID}, appium:deviceApiLevel: 34, appium:deviceManufacturer: Xiaomi, appium:deviceModel: 23076PC4BI, appium:deviceName: 76f571ebe33e, appium:deviceScreenDensity: 440, appium:deviceScreenSize: 1080x2460, appium:deviceUDID: 76f571ebe33e, appium:javascriptEnabled: true, appium:locationContextEnabled: false, appium:networkConnectionEnabled: true, appium:pixelRatio: 2.75, appium:platformVersion: 14, appium:statBarHeight: 104, appium:takesScreenshot: true, appium:viewportRect: {height: 2356, left: 0, top: 104, width: 1080}, appium:warnings: {}, appium:webStorageEnabled: false, platformName: ANDROID}
Session ID: fa28fea1-17fd-46e1-8daf-57bbd4a8db17
at org.openqa.selenium.remote.ErrorHandler.createThrowable(ErrorHandler.java:221)
at org.openqa.selenium.remote.ErrorHandler.throwIfResponseFailed(ErrorHandler.java:170)
at org.openqa.selenium.remote.RemoteWebDriver.execute(RemoteWebDriver.java:571)
at org.openqa.selenium.remote.RemoteWebDriver$RemoteWebDriverOptions$RemoteTimeouts.pageLoadTimeout(RemoteWebDriver.java:979)
at baseTest.BaseClassApp.driverSetUp(BaseClassApp.java:31)
at baseTest.BaseClassApp.popUp(BaseClassApp.java:38)
at java.base/java.util.ArrayList.forEach(ArrayList.java:1596)
... Removed 32 stack frames]]>
    </failure>
  </testcase> <!-- @BeforeMethod popUp -->
  <testcase classname="baseTest.BaseClassApp" name="@AfterMethod tearDown" time="-1.716187117761E9">
    <skipped/>
  </testcase> <!-- @AfterMethod tearDown -->
  <testcase classname="baseTest.BaseClassApp" name="@BeforeMethod popUp" time="-1.716187117764E9">
    <skipped/>
  </testcase> <!-- @BeforeMethod popUp -->
  <testcase classname="baseTest.BaseClassApp" name="@AfterMethod tearDown" time="-1.71618711777E9">
    <skipped/>
  </testcase> <!-- @AfterMethod tearDown -->
  <testcase classname="baseTest.BaseClassApp" name="@BeforeMethod popUp" time="-1.716187117771E9">
    <skipped/>
  </testcase> <!-- @BeforeMethod popUp -->
  <testcase classname="baseTest.BaseClassApp" name="@AfterMethod tearDown" time="-1.716187117777E9">
    <skipped/>
  </testcase> <!-- @AfterMethod tearDown -->
  <testcase classname="baseTest.BaseClassApp" name="@BeforeMethod popUp" time="-1.716187117779E9">
    <skipped/>
  </testcase> <!-- @BeforeMethod popUp -->
  <testcase classname="baseTest.BaseClassApp" name="@AfterMethod tearDown" time="-1.716187117785E9">
    <skipped/>
  </testcase> <!-- @AfterMethod tearDown -->
  <testcase classname="ketoTest.KetoTest" name="MenNonVegTest" time="0.0">
    <skipped/>
  </testcase> <!-- MenNonVegTest -->
  <testcase classname="ketoTest.KetoTest" name="ketoTestVegetarian" time="0.0">
    <skipped/>
  </testcase> <!-- ketoTestVegetarian -->
  <testcase classname="ketoTest.KetoTest" name="womenNonVegan" time="0.0">
    <skipped/>
  </testcase> <!-- womenNonVegan -->
  <testcase classname="ketoTest.KetoTest" name="womenVegan" time="0.0">
    <skipped/>
  </testcase> <!-- womenVegan -->
</testsuite> <!-- Test -->
